<?xml version="1.0" encoding="UTF-8"?>
<testsuite name="com.example.mdw.MdwControllerTests" tests="1" skipped="0" failures="0" errors="0" timestamp="2024-06-06T07:47:17" hostname="X5F6G2V0FF" time="0.424">
  <properties/>
  <testcase name="getHello()" classname="com.example.mdw.MdwControllerTests" time="0.424"/>
  <system-out><![CDATA[09:47:15.037 [Test worker] INFO org.springframework.test.context.support.AnnotationConfigContextLoaderUtils -- Could not detect default configuration classes for test class [com.example.mdw.MdwControllerTests]: MdwControllerTests does not declare any static, non-private, non-final, nested classes annotated with @Configuration.
09:47:15.088 [Test worker] INFO org.springframework.boot.test.context.SpringBootTestContextBootstrapper -- Found @SpringBootConfiguration com.example.mdw.MdwApplication for test class com.example.mdw.MdwControllerTests
  .   ____          _            __ _ _
 /\\ / ___'_ __ _ _(_)_ __  __ _ \ \ \ \
( ( )\___ | '_ | '_| | '_ \/ _` | \ \ \ \
 \\/  ___)| |_)| | | | | || (_| |  ) ) ) )
  '  |____| .__|_| |_|_| |_\__, | / / / /
 =========|_|==============|___/=/_/_/_/

 :: Spring Boot ::                (v3.3.0)

2024-06-06T09:47:15.264+02:00  INFO 4668 --- [MDW] [    Test worker] com.example.mdw.MdwControllerTests       : Starting MdwControllerTests using Java 17.0.11 with PID 4668 (started by florian.zimmermann in /Users/florian.zimmermann/IdeaProjects/MDW)
2024-06-06T09:47:15.264+02:00  INFO 4668 --- [MDW] [    Test worker] com.example.mdw.MdwControllerTests       : No active profile set, falling back to 1 default profile: "default"
2024-06-06T09:47:15.651+02:00  INFO 4668 --- [MDW] [    Test worker] .s.d.r.c.RepositoryConfigurationDelegate : Bootstrapping Spring Data JPA repositories in DEFAULT mode.
2024-06-06T09:47:15.671+02:00  INFO 4668 --- [MDW] [    Test worker] .s.d.r.c.RepositoryConfigurationDelegate : Finished Spring Data repository scanning in 16 ms. Found 1 JPA repository interface.
2024-06-06T09:47:16.027+02:00  INFO 4668 --- [MDW] [    Test worker] o.s.b.w.embedded.tomcat.TomcatWebServer  : Tomcat initialized with port 0 (http)
2024-06-06T09:47:16.034+02:00  INFO 4668 --- [MDW] [    Test worker] o.apache.catalina.core.StandardService   : Starting service [Tomcat]
2024-06-06T09:47:16.034+02:00  INFO 4668 --- [MDW] [    Test worker] o.apache.catalina.core.StandardEngine    : Starting Servlet engine: [Apache Tomcat/10.1.24]
2024-06-06T09:47:16.067+02:00  INFO 4668 --- [MDW] [    Test worker] o.a.c.c.C.[Tomcat].[localhost].[/]       : Initializing Spring embedded WebApplicationContext
2024-06-06T09:47:16.068+02:00  INFO 4668 --- [MDW] [    Test worker] w.s.c.ServletWebServerApplicationContext : Root WebApplicationContext: initialization completed in 795 ms
2024-06-06T09:47:16.213+02:00  INFO 4668 --- [MDW] [    Test worker] com.zaxxer.hikari.HikariDataSource       : HikariPool-1 - Starting...
2024-06-06T09:47:16.305+02:00  INFO 4668 --- [MDW] [    Test worker] com.zaxxer.hikari.pool.HikariPool        : HikariPool-1 - Added connection conn0: url=jdbc:h2:mem:5c1dfb7a-038d-4ee0-9d01-c284dd0ecf01 user=SA
2024-06-06T09:47:16.306+02:00  INFO 4668 --- [MDW] [    Test worker] com.zaxxer.hikari.HikariDataSource       : HikariPool-1 - Start completed.
2024-06-06T09:47:16.329+02:00  INFO 4668 --- [MDW] [    Test worker] o.hibernate.jpa.internal.util.LogHelper  : HHH000204: Processing PersistenceUnitInfo [name: default]
2024-06-06T09:47:16.354+02:00  INFO 4668 --- [MDW] [    Test worker] org.hibernate.Version                    : HHH000412: Hibernate ORM core version 6.5.2.Final
2024-06-06T09:47:16.371+02:00  INFO 4668 --- [MDW] [    Test worker] o.h.c.internal.RegionFactoryInitiator    : HHH000026: Second-level cache disabled
2024-06-06T09:47:16.511+02:00  INFO 4668 --- [MDW] [    Test worker] o.s.o.j.p.SpringPersistenceUnitInfo      : No LoadTimeWeaver setup: ignoring JPA class transformer
2024-06-06T09:47:16.894+02:00  INFO 4668 --- [MDW] [    Test worker] o.h.e.t.j.p.i.JtaPlatformInitiator       : HHH000489: No JTA platform available (set 'hibernate.transaction.jta.platform' to enable JTA platform integration)
2024-06-06T09:47:16.910+02:00  INFO 4668 --- [MDW] [    Test worker] j.LocalContainerEntityManagerFactoryBean : Initialized JPA EntityManagerFactory for persistence unit 'default'
2024-06-06T09:47:17.181+02:00  WARN 4668 --- [MDW] [    Test worker] JpaBaseConfiguration$JpaWebConfiguration : spring.jpa.open-in-view is enabled by default. Therefore, database queries may be performed during view rendering. Explicitly configure spring.jpa.open-in-view to disable this warning
2024-06-06T09:47:17.507+02:00  INFO 4668 --- [MDW] [    Test worker] o.s.b.a.e.web.EndpointLinksResolver      : Exposing 1 endpoint beneath base path '/actuator'
2024-06-06T09:47:17.551+02:00  INFO 4668 --- [MDW] [    Test worker] o.s.b.w.embedded.tomcat.TomcatWebServer  : Tomcat started on port 54042 (http) with context path '/'
2024-06-06T09:47:17.565+02:00  INFO 4668 --- [MDW] [    Test worker] com.example.mdw.MdwControllerTests       : Started MdwControllerTests in 2.41 seconds (process running for 2.904)
2024-06-06T09:47:17.942+02:00  INFO 4668 --- [MDW] [o-auto-1-exec-1] o.a.c.c.C.[Tomcat].[localhost].[/]       : Initializing Spring DispatcherServlet 'dispatcherServlet'
2024-06-06T09:47:17.942+02:00  INFO 4668 --- [MDW] [o-auto-1-exec-1] o.s.web.servlet.DispatcherServlet        : Initializing Servlet 'dispatcherServlet'
2024-06-06T09:47:17.943+02:00  INFO 4668 --- [MDW] [o-auto-1-exec-1] o.s.web.servlet.DispatcherServlet        : Completed initialization in 1 ms
]]></system-out>
  <system-err><![CDATA[]]></system-err>
</testsuite>
